<?xml version="1.0" encoding="utf-8"?><testsuites name="pytest tests"><testsuite name="pytest" errors="0" failures="0" skipped="0" tests="3" time="8.162" timestamp="2026-09-18T14:08:52.374204+00:00" hostname="agent-env-42f7dce0-d23a-447f-bd2a-3ba7dcc355d7"><testcase classname="backend.tests.test_api_bridge_mms" name="test_pvgis_status_ok" time="3.252" /><testcase classname="backend.tests.test_api_bridge_mms" name="test_pvgis_tmy_status_ok" time="2.712" /><testcase classname="backend.tests.test_api_bridge_mms" name="test_solar_data_layers_honest_error_not_502" time="2.142" /></testsuite></testsuites>